# Logfile created on 2013-12-28 22:30:07 +0800 by logger.rb/31641
I, [2013-12-28T22:30:07.157467 #284]  INFO -- : 0:  RedCloth (4.2.9) from c:/RailsInstaller/Ruby1.9.3/lib/ruby/gems/1.9.1/specifications/RedCloth-4.2.9-x86-mingw32.gemspec
I, [2013-12-28T22:30:07.160467 #284]  INFO -- : 0:  blankslate (2.1.2.4) from c:/RailsInstaller/Ruby1.9.3/lib/ruby/gems/1.9.1/specifications/blankslate-2.1.2.4.gemspec
I, [2013-12-28T22:30:07.163467 #284]  INFO -- : 0:  fast-stemmer (1.0.2) from c:/RailsInstaller/Ruby1.9.3/lib/ruby/gems/1.9.1/specifications/fast-stemmer-1.0.2.gemspec
I, [2013-12-28T22:30:07.165467 #284]  INFO -- : 0:  classifier (1.3.3) from c:/RailsInstaller/Ruby1.9.3/lib/ruby/gems/1.9.1/specifications/classifier-1.3.3.gemspec
I, [2013-12-28T22:30:07.167467 #284]  INFO -- : 0:  colorator (0.1) from c:/RailsInstaller/Ruby1.9.3/lib/ruby/gems/1.9.1/specifications/colorator-0.1.gemspec
I, [2013-12-28T22:30:07.169468 #284]  INFO -- : 0:  highline (1.6.20) from c:/RailsInstaller/Ruby1.9.3/lib/ruby/gems/1.9.1/specifications/highline-1.6.20.gemspec
I, [2013-12-28T22:30:07.170468 #284]  INFO -- : 0:  commander (4.1.5) from c:/RailsInstaller/Ruby1.9.3/lib/ruby/gems/1.9.1/specifications/commander-4.1.5.gemspec
I, [2013-12-28T22:30:07.173468 #284]  INFO -- : 0:  ffi (1.9.3) from c:/RailsInstaller/Ruby1.9.3/lib/ruby/gems/1.9.1/specifications/ffi-1.9.3-x86-mingw32.gemspec
I, [2013-12-28T22:30:07.175468 #284]  INFO -- : 0:  liquid (2.5.4) from c:/RailsInstaller/Ruby1.9.3/lib/ruby/gems/1.9.1/specifications/liquid-2.5.4.gemspec
I, [2013-12-28T22:30:07.176468 #284]  INFO -- : 0:  rb-fsevent (0.9.3) from c:/RailsInstaller/Ruby1.9.3/lib/ruby/gems/1.9.1/specifications/rb-fsevent-0.9.3.gemspec
I, [2013-12-28T22:30:07.178468 #284]  INFO -- : 0:  rb-inotify (0.9.3) from c:/RailsInstaller/Ruby1.9.3/lib/ruby/gems/1.9.1/specifications/rb-inotify-0.9.3.gemspec
I, [2013-12-28T22:30:07.195469 #284]  INFO -- : 0:  rb-kqueue (0.2.0) from c:/RailsInstaller/Ruby1.9.3/lib/ruby/gems/1.9.1/specifications/rb-kqueue-0.2.0.gemspec
I, [2013-12-28T22:30:07.197469 #284]  INFO -- : 0:  listen (1.3.1) from c:/RailsInstaller/Ruby1.9.3/lib/ruby/gems/1.9.1/specifications/listen-1.3.1.gemspec
I, [2013-12-28T22:30:07.199469 #284]  INFO -- : 0:  maruku (0.7.0) from c:/RailsInstaller/Ruby1.9.3/lib/ruby/gems/1.9.1/specifications/maruku-0.7.0.gemspec
I, [2013-12-28T22:30:07.200469 #284]  INFO -- : 0:  posix-spawn (0.3.8) from c:/RailsInstaller/Ruby1.9.3/lib/ruby/gems/1.9.1/specifications/posix-spawn-0.3.8.gemspec
I, [2013-12-28T22:30:07.201469 #284]  INFO -- : 0:  yajl-ruby (1.1.0) from c:/RailsInstaller/Ruby1.9.3/lib/ruby/gems/1.9.1/specifications/yajl-ruby-1.1.0-x86-mingw32.gemspec
I, [2013-12-28T22:30:07.204470 #284]  INFO -- : 0:  pygments.rb (0.5.4) from c:/RailsInstaller/Ruby1.9.3/lib/ruby/gems/1.9.1/specifications/pygments.rb-0.5.4.gemspec
I, [2013-12-28T22:30:07.205470 #284]  INFO -- : 0:  redcarpet (2.3.0) from c:/RailsInstaller/Ruby1.9.3/lib/ruby/gems/1.9.1/specifications/redcarpet-2.3.0.gemspec
I, [2013-12-28T22:30:07.207470 #284]  INFO -- : 0:  safe_yaml (0.9.7) from c:/RailsInstaller/Ruby1.9.3/lib/ruby/gems/1.9.1/specifications/safe_yaml-0.9.7.gemspec
I, [2013-12-28T22:30:07.208470 #284]  INFO -- : 0:  parslet (1.5.0) from c:/RailsInstaller/Ruby1.9.3/lib/ruby/gems/1.9.1/specifications/parslet-1.5.0.gemspec
I, [2013-12-28T22:30:07.210470 #284]  INFO -- : 0:  toml (0.1.0) from c:/RailsInstaller/Ruby1.9.3/lib/ruby/gems/1.9.1/specifications/toml-0.1.0.gemspec
I, [2013-12-28T22:30:07.212470 #284]  INFO -- : 0:  jekyll (1.4.2) from c:/RailsInstaller/Ruby1.9.3/lib/ruby/gems/1.9.1/specifications/jekyll-1.4.2.gemspec
I, [2013-12-28T22:30:07.213470 #284]  INFO -- : 0:  kramdown (1.2.0) from c:/RailsInstaller/Ruby1.9.3/lib/ruby/gems/1.9.1/specifications/kramdown-1.2.0.gemspec
I, [2013-12-28T22:30:07.215470 #284]  INFO -- : 0:  rdiscount (2.1.7) from c:/RailsInstaller/Ruby1.9.3/lib/ruby/gems/1.9.1/specifications/rdiscount-2.1.7.gemspec
I, [2013-12-28T22:30:07.216470 #284]  INFO -- : 0:  github-pages (12) from c:/RailsInstaller/Ruby1.9.3/lib/ruby/gems/1.9.1/specifications/github-pages-12.gemspec
I, [2013-12-28T22:30:07.218470 #284]  INFO -- : 0:  bundler (1.5.1) from c:/RailsInstaller/Ruby1.9.3/lib/ruby/gems/1.9.1/specifications/bundler-1.5.1.gemspec
I, [2013-12-28T22:33:03.727165 #6344]  INFO -- : 0:  RedCloth (4.2.9) from c:/RailsInstaller/Ruby1.9.3/lib/ruby/gems/1.9.1/specifications/RedCloth-4.2.9-x86-mingw32.gemspec
I, [2013-12-28T22:33:03.731165 #6344]  INFO -- : 0:  blankslate (2.1.2.4) from c:/RailsInstaller/Ruby1.9.3/lib/ruby/gems/1.9.1/specifications/blankslate-2.1.2.4.gemspec
I, [2013-12-28T22:33:03.732165 #6344]  INFO -- : 0:  fast-stemmer (1.0.2) from c:/RailsInstaller/Ruby1.9.3/lib/ruby/gems/1.9.1/specifications/fast-stemmer-1.0.2.gemspec
I, [2013-12-28T22:33:03.736166 #6344]  INFO -- : 0:  classifier (1.3.3) from c:/RailsInstaller/Ruby1.9.3/lib/ruby/gems/1.9.1/specifications/classifier-1.3.3.gemspec
I, [2013-12-28T22:33:03.742166 #6344]  INFO -- : 0:  colorator (0.1) from c:/RailsInstaller/Ruby1.9.3/lib/ruby/gems/1.9.1/specifications/colorator-0.1.gemspec
I, [2013-12-28T22:33:03.743166 #6344]  INFO -- : 0:  highline (1.6.20) from c:/RailsInstaller/Ruby1.9.3/lib/ruby/gems/1.9.1/specifications/highline-1.6.20.gemspec
I, [2013-12-28T22:33:03.746166 #6344]  INFO -- : 0:  commander (4.1.5) from c:/RailsInstaller/Ruby1.9.3/lib/ruby/gems/1.9.1/specifications/commander-4.1.5.gemspec
I, [2013-12-28T22:33:03.748166 #6344]  INFO -- : 0:  ffi (1.9.3) from c:/RailsInstaller/Ruby1.9.3/lib/ruby/gems/1.9.1/specifications/ffi-1.9.3-x86-mingw32.gemspec
I, [2013-12-28T22:33:03.749166 #6344]  INFO -- : 0:  liquid (2.5.4) from c:/RailsInstaller/Ruby1.9.3/lib/ruby/gems/1.9.1/specifications/liquid-2.5.4.gemspec
I, [2013-12-28T22:33:03.751167 #6344]  INFO -- : 0:  rb-fsevent (0.9.3) from c:/RailsInstaller/Ruby1.9.3/lib/ruby/gems/1.9.1/specifications/rb-fsevent-0.9.3.gemspec
I, [2013-12-28T22:33:03.753167 #6344]  INFO -- : 0:  rb-inotify (0.9.3) from c:/RailsInstaller/Ruby1.9.3/lib/ruby/gems/1.9.1/specifications/rb-inotify-0.9.3.gemspec
I, [2013-12-28T22:33:03.754167 #6344]  INFO -- : 0:  rb-kqueue (0.2.0) from c:/RailsInstaller/Ruby1.9.3/lib/ruby/gems/1.9.1/specifications/rb-kqueue-0.2.0.gemspec
I, [2013-12-28T22:33:03.756167 #6344]  INFO -- : 0:  listen (1.3.1) from c:/RailsInstaller/Ruby1.9.3/lib/ruby/gems/1.9.1/specifications/listen-1.3.1.gemspec
I, [2013-12-28T22:33:03.758167 #6344]  INFO -- : 0:  maruku (0.7.0) from c:/RailsInstaller/Ruby1.9.3/lib/ruby/gems/1.9.1/specifications/maruku-0.7.0.gemspec
I, [2013-12-28T22:33:03.759167 #6344]  INFO -- : 0:  posix-spawn (0.3.8) from c:/RailsInstaller/Ruby1.9.3/lib/ruby/gems/1.9.1/specifications/posix-spawn-0.3.8.gemspec
I, [2013-12-28T22:33:03.765167 #6344]  INFO -- : 0:  yajl-ruby (1.1.0) from c:/RailsInstaller/Ruby1.9.3/lib/ruby/gems/1.9.1/specifications/yajl-ruby-1.1.0-x86-mingw32.gemspec
I, [2013-12-28T22:33:03.767167 #6344]  INFO -- : 0:  pygments.rb (0.5.4) from c:/RailsInstaller/Ruby1.9.3/lib/ruby/gems/1.9.1/specifications/pygments.rb-0.5.4.gemspec
I, [2013-12-28T22:33:03.769168 #6344]  INFO -- : 0:  redcarpet (2.3.0) from c:/RailsInstaller/Ruby1.9.3/lib/ruby/gems/1.9.1/specifications/redcarpet-2.3.0.gemspec
I, [2013-12-28T22:33:03.771168 #6344]  INFO -- : 0:  safe_yaml (0.9.7) from c:/RailsInstaller/Ruby1.9.3/lib/ruby/gems/1.9.1/specifications/safe_yaml-0.9.7.gemspec
I, [2013-12-28T22:33:03.773168 #6344]  INFO -- : 0:  parslet (1.5.0) from c:/RailsInstaller/Ruby1.9.3/lib/ruby/gems/1.9.1/specifications/parslet-1.5.0.gemspec
I, [2013-12-28T22:33:03.774168 #6344]  INFO -- : 0:  toml (0.1.0) from c:/RailsInstaller/Ruby1.9.3/lib/ruby/gems/1.9.1/specifications/toml-0.1.0.gemspec
I, [2013-12-28T22:33:03.776168 #6344]  INFO -- : 0:  jekyll (1.4.2) from c:/RailsInstaller/Ruby1.9.3/lib/ruby/gems/1.9.1/specifications/jekyll-1.4.2.gemspec
I, [2013-12-28T22:33:03.777168 #6344]  INFO -- : 0:  kramdown (1.2.0) from c:/RailsInstaller/Ruby1.9.3/lib/ruby/gems/1.9.1/specifications/kramdown-1.2.0.gemspec
I, [2013-12-28T22:33:03.778168 #6344]  INFO -- : 0:  rdiscount (2.1.7) from c:/RailsInstaller/Ruby1.9.3/lib/ruby/gems/1.9.1/specifications/rdiscount-2.1.7.gemspec
I, [2013-12-28T22:33:03.780168 #6344]  INFO -- : 0:  github-pages (12) from c:/RailsInstaller/Ruby1.9.3/lib/ruby/gems/1.9.1/specifications/github-pages-12.gemspec
I, [2013-12-28T22:33:03.781168 #6344]  INFO -- : 0:  bundler (1.5.1) from c:/RailsInstaller/Ruby1.9.3/lib/ruby/gems/1.9.1/specifications/bundler-1.5.1.gemspec
